c:\users\nien\desktop\project2\project2\release\vc143.pdb
c:\users\nien\desktop\project2\project2\release\.netframework,version=v4.7.2.assemblyattributes.obj
c:\users\nien\desktop\project2\project2\release\successfulnotification.obj
c:\users\nien\desktop\project2\project2\release\receipt.obj
c:\users\nien\desktop\project2\project2\release\pizzamenu.obj
c:\users\nien\desktop\project2\project2\release\pizza.obj
c:\users\nien\desktop\project2\project2\release\myform.obj
c:\users\nien\desktop\project2\project2\release\menu1.obj
c:\users\nien\desktop\project2\project2\release\description.obj
c:\users\nien\desktop\project2\project2\release\data.obj
c:\users\nien\desktop\project2\project2\release\cart.obj
c:\users\nien\desktop\project2\project2\release\togglebtns.obj
c:\users\nien\desktop\project2\project2\release\statemanagement.obj
c:\users\nien\desktop\project2\project2\release\cartdata.obj
c:\users\nien\desktop\project2\project2\release\project2.description.resources
c:\users\nien\desktop\project2\project2\release\project2.menu1.resources
c:\users\nien\desktop\project2\project2\release\project2.myform.resources
c:\users\nien\desktop\project2\project2\release\project2.pizzamenu.resources
c:\users\nien\desktop\project2\project2\release\project2.receipt.resources
c:\users\nien\desktop\project2\project2\release\project2.successfulnotification.resources
c:\users\nien\desktop\project2\project2\release\project2.statemanagement.resources
c:\users\nien\desktop\project2\project2\release\project2.res
c:\users\nien\desktop\project2\release\project2.pdb
c:\users\nien\desktop\project2\project2\release\project2.tlog\cl.command.1.tlog
c:\users\nien\desktop\project2\project2\release\project2.tlog\cl.read.1.tlog
c:\users\nien\desktop\project2\project2\release\project2.tlog\cl.write.1.tlog
c:\users\nien\desktop\project2\project2\release\project2.tlog\link.13504-cvtres.read.1.tlog
c:\users\nien\desktop\project2\project2\release\project2.tlog\link.13504-cvtres.write.1.tlog
c:\users\nien\desktop\project2\project2\release\project2.tlog\link.13504-rc.read.1.tlog
c:\users\nien\desktop\project2\project2\release\project2.tlog\link.13504-rc.write.1.tlog
c:\users\nien\desktop\project2\project2\release\project2.tlog\link.13504.read.1.tlog
c:\users\nien\desktop\project2\project2\release\project2.tlog\link.13504.write.1.tlog
c:\users\nien\desktop\project2\project2\release\project2.tlog\link.14780-cvtres.read.1.tlog
c:\users\nien\desktop\project2\project2\release\project2.tlog\link.14780-cvtres.write.1.tlog
c:\users\nien\desktop\project2\project2\release\project2.tlog\link.14780-rc.read.1.tlog
c:\users\nien\desktop\project2\project2\release\project2.tlog\link.14780-rc.write.1.tlog
c:\users\nien\desktop\project2\project2\release\project2.tlog\link.14780.read.1.tlog
c:\users\nien\desktop\project2\project2\release\project2.tlog\link.14780.write.1.tlog
c:\users\nien\desktop\project2\project2\release\project2.tlog\link.15688-cvtres.read.1.tlog
c:\users\nien\desktop\project2\project2\release\project2.tlog\link.15688-cvtres.write.1.tlog
c:\users\nien\desktop\project2\project2\release\project2.tlog\link.15688-rc.read.1.tlog
c:\users\nien\desktop\project2\project2\release\project2.tlog\link.15688-rc.write.1.tlog
c:\users\nien\desktop\project2\project2\release\project2.tlog\link.15688.read.1.tlog
c:\users\nien\desktop\project2\project2\release\project2.tlog\link.15688.write.1.tlog
c:\users\nien\desktop\project2\project2\release\project2.tlog\link.17968-cvtres.read.1.tlog
c:\users\nien\desktop\project2\project2\release\project2.tlog\link.17968-cvtres.write.1.tlog
c:\users\nien\desktop\project2\project2\release\project2.tlog\link.17968-rc.read.1.tlog
c:\users\nien\desktop\project2\project2\release\project2.tlog\link.17968-rc.write.1.tlog
c:\users\nien\desktop\project2\project2\release\project2.tlog\link.17968.read.1.tlog
c:\users\nien\desktop\project2\project2\release\project2.tlog\link.17968.write.1.tlog
c:\users\nien\desktop\project2\project2\release\project2.tlog\link.8644-cvtres.read.1.tlog
c:\users\nien\desktop\project2\project2\release\project2.tlog\link.8644-cvtres.write.1.tlog
c:\users\nien\desktop\project2\project2\release\project2.tlog\link.8644-rc.read.1.tlog
c:\users\nien\desktop\project2\project2\release\project2.tlog\link.8644-rc.write.1.tlog
c:\users\nien\desktop\project2\project2\release\project2.tlog\link.8644.read.1.tlog
c:\users\nien\desktop\project2\project2\release\project2.tlog\link.8644.write.1.tlog
c:\users\nien\desktop\project2\project2\release\project2.tlog\link.command.1.tlog
c:\users\nien\desktop\project2\project2\release\project2.tlog\link.read.1.tlog
c:\users\nien\desktop\project2\project2\release\project2.tlog\link.write.1.tlog
c:\users\nien\desktop\project2\project2\release\project2.tlog\metagen.read.1.tlog
c:\users\nien\desktop\project2\project2\release\project2.tlog\metagen.write.1.tlog
c:\users\nien\desktop\project2\project2\release\project2.tlog\project2.write.1u.tlog
c:\users\nien\desktop\project2\project2\release\project2.tlog\rc.command.1.tlog
c:\users\nien\desktop\project2\project2\release\project2.tlog\rc.read.1.tlog
c:\users\nien\desktop\project2\project2\release\project2.tlog\rc.write.1.tlog
