c:\users\nien\desktop\project2\project2\debug\vc143.pdb
c:\users\nien\desktop\project2\project2\debug\.netframework,version=v4.7.2.assemblyattributes.obj
c:\users\nien\desktop\project2\project2\debug\successfulnotification.obj
c:\users\nien\desktop\project2\project2\debug\receipt.obj
c:\users\nien\desktop\project2\project2\debug\pizzamenu.obj
c:\users\nien\desktop\project2\project2\debug\pizza.obj
c:\users\nien\desktop\project2\project2\debug\myform.obj
c:\users\nien\desktop\project2\project2\debug\menu1.obj
c:\users\nien\desktop\project2\project2\debug\description.obj
c:\users\nien\desktop\project2\project2\debug\data.obj
c:\users\nien\desktop\project2\project2\debug\cart.obj
c:\users\nien\desktop\project2\project2\debug\togglebtns.obj
c:\users\nien\desktop\project2\project2\debug\statemanagement.obj
c:\users\nien\desktop\project2\debug\project2.exe
c:\users\nien\desktop\project2\debug\project2.pdb
c:\users\nien\desktop\project2\project2\debug\project2.description.resources
c:\users\nien\desktop\project2\project2\debug\project2.menu1.resources
c:\users\nien\desktop\project2\project2\debug\project2.myform.resources
c:\users\nien\desktop\project2\project2\debug\project2.pizzamenu.resources
c:\users\nien\desktop\project2\project2\debug\project2.receipt.resources
c:\users\nien\desktop\project2\project2\debug\project2.successfulnotification.resources
c:\users\nien\desktop\project2\project2\debug\project2.statemanagement.resources
c:\users\nien\desktop\project2\project2\debug\project2.res
c:\users\nien\desktop\project2\project2\debug\project2.tlog\cl.command.1.tlog
c:\users\nien\desktop\project2\project2\debug\project2.tlog\cl.read.1.tlog
c:\users\nien\desktop\project2\project2\debug\project2.tlog\cl.write.1.tlog
c:\users\nien\desktop\project2\project2\debug\project2.tlog\link.command.1.tlog
c:\users\nien\desktop\project2\project2\debug\project2.tlog\link.read.1.tlog
c:\users\nien\desktop\project2\project2\debug\project2.tlog\link.write.1.tlog
c:\users\nien\desktop\project2\project2\debug\project2.tlog\metagen.read.1.tlog
c:\users\nien\desktop\project2\project2\debug\project2.tlog\metagen.write.1.tlog
c:\users\nien\desktop\project2\project2\debug\project2.tlog\project2.write.1u.tlog
c:\users\nien\desktop\project2\project2\debug\project2.tlog\rc.command.1.tlog
c:\users\nien\desktop\project2\project2\debug\project2.tlog\rc.read.1.tlog
c:\users\nien\desktop\project2\project2\debug\project2.tlog\rc.write.1.tlog
